<?xml version="1.0" encoding="UTF-8"?>
<testng-results ignored="0" total="1" passed="1" failed="0" skipped="0">
  <reporter-output>
  </reporter-output>
  <suite started-at="2024-01-25T17:41:45 IST" name="Default suite" finished-at="2024-01-25T17:42:19 IST" duration-ms="34415">
    <groups>
      <group name="cucumber">
        <method signature="AbstractTestNGCucumberTests.runScenario(io.cucumber.testng.PickleWrapper,io.cucumber.testng.FeatureWrapper)[pri:0, instance:com.browserstack.RunWebDriverCucumberTests@6a0ac48e]" name="runScenario" class="io.cucumber.testng.AbstractTestNGCucumberTests"/>
      </group> <!-- cucumber -->
    </groups>
    <test started-at="2024-01-25T17:41:45 IST" name="Default test" finished-at="2024-01-25T17:42:19 IST" duration-ms="34415">
      <class name="com.browserstack.RunWebDriverCucumberTests">
        <test-method is-config="true" signature="setUpClass(org.testng.ITestContext)[pri:0, instance:com.browserstack.RunWebDriverCucumberTests@6a0ac48e]" started-at="2024-01-25T17:41:45 IST" name="setUpClass" finished-at="2024-01-25T17:41:48 IST" duration-ms="2788" status="PASS">
          <params>
            <param index="0">
              <value>
                <![CDATA[org.testng.TestRunner@4fe533ff]]>
              </value>
            </param>
          </params>
          <reporter-output>
          </reporter-output>
        </test-method> <!-- setUpClass -->
        <test-method signature="runScenario(io.cucumber.testng.PickleWrapper,io.cucumber.testng.FeatureWrapper)[pri:0, instance:com.browserstack.RunWebDriverCucumberTests@6a0ac48e]" started-at="2024-01-25T17:41:48 IST" name="runScenario" description="Runs Cucumber Scenarios" data-provider="scenarios" finished-at="2024-01-25T17:42:19 IST" duration-ms="30781" status="PASS">
          <params>
            <param index="0">
              <value>
                <![CDATA["BStack Sample Test - Add product to cart"]]>
              </value>
            </param>
            <param index="1">
              <value>
                <![CDATA["BrowserStack Demo"]]>
              </value>
            </param>
          </params>
          <reporter-output>
          </reporter-output>
        </test-method> <!-- runScenario -->
        <test-method is-config="true" signature="tearDownClass()[pri:0, instance:com.browserstack.RunWebDriverCucumberTests@6a0ac48e]" started-at="2024-01-25T17:42:19 IST" name="tearDownClass" finished-at="2024-01-25T17:42:19 IST" duration-ms="419" status="PASS">
          <reporter-output>
          </reporter-output>
        </test-method> <!-- tearDownClass -->
      </class> <!-- com.browserstack.RunWebDriverCucumberTests -->
    </test> <!-- Default test -->
  </suite> <!-- Default suite -->
</testng-results>
